<?xml version="1.0" encoding="UTF-8"?>
<!-- Generated by org.testng.reporters.JUnitXMLReporter -->
<testsuite ignored="0" hostname="DESKTOP-6MCO3NS" failures="0" tests="13" name="Accounts Page Test" time="97.497" errors="0" timestamp="2024-02-06T12:43:42 IST">
  <testcase classname="com.qa.opencart.tests.AccountsPageTest" name="accountHeaderTest" time="1.832"/>
  <testcase classname="com.qa.opencart.tests.AccountsPageTest" name="accountHeaderValueTest" time="0.347"/>
  <testcase classname="com.qa.opencart.tests.AccountsPageTest" name="accountsPageTitleTest" time="0.091"/>
  <testcase classname="com.qa.opencart.tests.AccountsPageTest" name="accountsPageUrlTest" time="0.112"/>
  <testcase classname="com.qa.opencart.tests.AccountsPageTest" name="isLogoutLinkExistTest" time="0.215"/>
  <testcase classname="com.qa.opencart.tests.AccountsPageTest" name="searchProductCountTest" time="4.56"/>
  <testcase classname="com.qa.opencart.tests.AccountsPageTest" name="searchProductCountTest" time="3.436"/>
  <testcase classname="com.qa.opencart.tests.AccountsPageTest" name="searchProductCountTest" time="3.75"/>
  <testcase classname="com.qa.opencart.tests.AccountsPageTest" name="searchProductCountTest" time="2.895"/>
  <testcase classname="com.qa.opencart.tests.AccountsPageTest" name="searchProductTest" time="5.016"/>
  <testcase classname="com.qa.opencart.tests.AccountsPageTest" name="searchProductTest" time="5.487"/>
  <testcase classname="com.qa.opencart.tests.AccountsPageTest" name="searchProductTest" time="4.783"/>
  <testcase classname="com.qa.opencart.tests.AccountsPageTest" name="searchProductTest" time="5.075"/>
</testsuite> <!-- Accounts Page Test -->
