<?xml version="1.0" encoding="UTF-8"?>
<!-- Generated by org.testng.reporters.JUnitXMLReporter -->
<testsuite ignored="0" hostname="DESKTOP-6MCO3NS" failures="0" tests="13" name="Accounts Page Test" time="120.709" errors="0" timestamp="2024-02-12T10:34:00 IST">
  <testcase classname="com.qa.opencart.tests.AccountsPageTest" name="accountHeaderTest" time="1.475"/>
  <testcase classname="com.qa.opencart.tests.AccountsPageTest" name="accountHeaderValueTest" time="0.351"/>
  <testcase classname="com.qa.opencart.tests.AccountsPageTest" name="accountsPageTitleTest" time="0.088"/>
  <testcase classname="com.qa.opencart.tests.AccountsPageTest" name="accountsPageUrlTest" time="0.137"/>
  <testcase classname="com.qa.opencart.tests.AccountsPageTest" name="isLogoutLinkExistTest" time="1.177"/>
  <testcase classname="com.qa.opencart.tests.AccountsPageTest" name="searchProductCountTest" time="6.101"/>
  <testcase classname="com.qa.opencart.tests.AccountsPageTest" name="searchProductCountTest" time="3.753"/>
  <testcase classname="com.qa.opencart.tests.AccountsPageTest" name="searchProductCountTest" time="4.564"/>
  <testcase classname="com.qa.opencart.tests.AccountsPageTest" name="searchProductCountTest" time="3.017"/>
  <testcase classname="com.qa.opencart.tests.AccountsPageTest" name="searchProductTest" time="6.525"/>
  <testcase classname="com.qa.opencart.tests.AccountsPageTest" name="searchProductTest" time="4.966"/>
  <testcase classname="com.qa.opencart.tests.AccountsPageTest" name="searchProductTest" time="5.291"/>
  <testcase classname="com.qa.opencart.tests.AccountsPageTest" name="searchProductTest" time="5.716"/>
</testsuite> <!-- Accounts Page Test -->
