<?xml version="1.0" encoding="UTF-8"?>
<!-- Generated by org.testng.reporters.JUnitXMLReporter -->
<testsuite ignored="0" hostname="DESKTOP-6MCO3NS" failures="0" tests="4" name="Login Page Test" time="81.642" errors="0" timestamp="2024-02-12T10:33:21 IST">
  <testcase classname="com.qa.opencart.tests.LoginPageTest" name="loginPageTitleTest" time="2.355"/>
  <testcase classname="com.qa.opencart.tests.LoginPageTest" name="loginPageUrlTest" time="0.074"/>
  <testcase classname="com.qa.opencart.tests.LoginPageTest" name="forgotpassLinkExistTest" time="0.151"/>
  <testcase classname="com.qa.opencart.tests.LoginPageTest" name="loginTest" time="7.459"/>
</testsuite> <!-- Login Page Test -->
