<?xml version="1.0" encoding="UTF-8"?>
<!-- Generated by org.testng.reporters.JUnitXMLReporter -->
<testsuite ignored="0" hostname="DESKTOP-6MCO3NS" failures="0" tests="9" name="ProdcutInfo Page Test" time="101.013" errors="0" timestamp="2024-01-24T08:53:20 IST">
  <testcase classname="com.qa.opencart.tests.ProductInfoPageTest" name="addToCarSingleProdcuttTest" time="10.54"/>
  <testcase classname="com.qa.opencart.tests.ProductInfoPageTest" name="addToCartMultipleProductTest" time="6.121"/>
  <testcase classname="com.qa.opencart.tests.ProductInfoPageTest" name="addToCartMultipleProductTest" time="7.299"/>
  <testcase classname="com.qa.opencart.tests.ProductInfoPageTest" name="addToCartMultipleProductTest" time="7.767"/>
  <testcase classname="com.qa.opencart.tests.ProductInfoPageTest" name="productImagecountTest" time="3.707"/>
  <testcase classname="com.qa.opencart.tests.ProductInfoPageTest" name="productImagecountTest" time="4.362"/>
  <testcase classname="com.qa.opencart.tests.ProductInfoPageTest" name="productImagecountTest" time="4.157"/>
  <testcase classname="com.qa.opencart.tests.ProductInfoPageTest" name="productImagecountTest" time="4.371"/>
  <testcase classname="com.qa.opencart.tests.ProductInfoPageTest" name="productInfoTest" time="4.728"/>
</testsuite> <!-- ProdcutInfo Page Test -->
