<?xml version="1.0" encoding="UTF-8"?>
<!-- Generated by org.testng.reporters.JUnitXMLReporter -->
<testsuite ignored="0" hostname="DESKTOP-6MCO3NS" failures="0" tests="4" name="Registration Page Test" time="160.246" errors="0" timestamp="2024-02-12T10:34:40 IST">
  <testcase classname="com.qa.opencart.tests.RegistrationPageTest" name="userRegTest" time="19.305"/>
  <testcase classname="com.qa.opencart.tests.RegistrationPageTest" name="userRegTest" time="17.31"/>
  <testcase classname="com.qa.opencart.tests.RegistrationPageTest" name="userRegTest" time="17.898"/>
  <testcase classname="com.qa.opencart.tests.RegistrationPageTest" name="userRegTest" time="20.232"/>
</testsuite> <!-- Registration Page Test -->
