<?xml version="1.0" encoding="UTF-8"?>
<!-- Generated by org.testng.reporters.JUnitXMLReporter -->
<testsuite ignored="0" hostname="DESKTOP-6MCO3NS" failures="0" tests="4" name="Registration Page Test" time="112.063" errors="0" timestamp="2024-01-24T08:53:31 IST">
  <testcase classname="com.qa.opencart.tests.RegistrationPageTest" name="userRegTest" time="16.247"/>
  <testcase classname="com.qa.opencart.tests.RegistrationPageTest" name="userRegTest" time="14.691"/>
  <testcase classname="com.qa.opencart.tests.RegistrationPageTest" name="userRegTest" time="14.827"/>
  <testcase classname="com.qa.opencart.tests.RegistrationPageTest" name="userRegTest" time="12.986"/>
</testsuite> <!-- Registration Page Test -->
