<?xml version="1.0" encoding="UTF-8"?>
<testng-results ignored="0" total="4" passed="4" failed="0" skipped="0">
  <reporter-output>
  </reporter-output>
  <suite started-at="2024-01-15T10:05:25 IST" name="Default suite" finished-at="2024-01-15T10:05:42 IST" duration-ms="17683">
    <groups>
    </groups>
    <test started-at="2024-01-15T10:05:25 IST" name="Default test" finished-at="2024-01-15T10:05:42 IST" duration-ms="17683">
      <class name="com.qa.opencart.tests.LoginPageTest">
        <test-method is-config="true" signature="setUp()[pri:0, instance:com.qa.opencart.tests.LoginPageTest@576d5deb]" started-at="2024-01-15T10:05:25 IST" name="setUp" finished-at="2024-01-15T10:05:38 IST" duration-ms="13410" status="PASS">
          <reporter-output>
          </reporter-output>
        </test-method> <!-- setUp -->
        <test-method signature="loginPageTitleTest()[pri:1, instance:com.qa.opencart.tests.LoginPageTest@576d5deb]" started-at="2024-01-15T10:05:38 IST" name="loginPageTitleTest" finished-at="2024-01-15T10:05:38 IST" duration-ms="49" status="PASS">
          <reporter-output>
          </reporter-output>
        </test-method> <!-- loginPageTitleTest -->
        <test-method signature="loginPageUrlTest()[pri:2, instance:com.qa.opencart.tests.LoginPageTest@576d5deb]" started-at="2024-01-15T10:05:38 IST" name="loginPageUrlTest" finished-at="2024-01-15T10:05:38 IST" duration-ms="24" status="PASS">
          <reporter-output>
          </reporter-output>
        </test-method> <!-- loginPageUrlTest -->
        <test-method signature="forgotpassLinkExistTest()[pri:3, instance:com.qa.opencart.tests.LoginPageTest@576d5deb]" started-at="2024-01-15T10:05:38 IST" name="forgotpassLinkExistTest" finished-at="2024-01-15T10:05:38 IST" duration-ms="146" status="PASS">
          <reporter-output>
          </reporter-output>
        </test-method> <!-- forgotpassLinkExistTest -->
        <test-method signature="loginTest()[pri:4, instance:com.qa.opencart.tests.LoginPageTest@576d5deb]" started-at="2024-01-15T10:05:38 IST" name="loginTest" finished-at="2024-01-15T10:05:42 IST" duration-ms="3617" status="PASS">
          <reporter-output>
          </reporter-output>
        </test-method> <!-- loginTest -->
        <test-method is-config="true" signature="tearDown()[pri:0, instance:com.qa.opencart.tests.LoginPageTest@576d5deb]" started-at="2024-01-15T10:05:42 IST" name="tearDown" finished-at="2024-01-15T10:05:42 IST" duration-ms="333" status="PASS">
          <reporter-output>
          </reporter-output>
        </test-method> <!-- tearDown -->
      </class> <!-- com.qa.opencart.tests.LoginPageTest -->
    </test> <!-- Default test -->
  </suite> <!-- Default suite -->
</testng-results>
