<?xml version="1.0" encoding="UTF-8"?>
<testng-results ignored="0" total="30" passed="30" failed="0" skipped="0">
  <reporter-output>
  </reporter-output>
  <suite started-at="2024-01-23T11:20:00 IST" name="Opencart App Test Regression Suite" finished-at="2024-01-23T11:21:35 IST" duration-ms="94932">
    <groups>
    </groups>
    <test started-at="2024-01-23T11:20:00 IST" name="Login Page Test" finished-at="2024-01-23T11:20:38 IST" duration-ms="37057">
      <class name="com.qa.opencart.tests.LoginPageTest">
        <test-method is-config="true" signature="setUp()[pri:0, instance:com.qa.opencart.tests.LoginPageTest@38831718]" started-at="2024-01-23T11:20:01 IST" name="setUp" finished-at="2024-01-23T11:20:29 IST" duration-ms="28344" status="PASS">
          <reporter-output>
          </reporter-output>
        </test-method> <!-- setUp -->
        <test-method signature="loginPageTitleTest()[pri:1, instance:com.qa.opencart.tests.LoginPageTest@38831718]" started-at="2024-01-23T11:20:29 IST" name="loginPageTitleTest" finished-at="2024-01-23T11:20:29 IST" duration-ms="287" status="PASS">
          <reporter-output>
          </reporter-output>
        </test-method> <!-- loginPageTitleTest -->
        <test-method signature="loginPageUrlTest()[pri:2, instance:com.qa.opencart.tests.LoginPageTest@38831718]" started-at="2024-01-23T11:20:29 IST" name="loginPageUrlTest" finished-at="2024-01-23T11:20:29 IST" duration-ms="52" status="PASS">
          <reporter-output>
          </reporter-output>
        </test-method> <!-- loginPageUrlTest -->
        <test-method signature="forgotpassLinkExistTest()[pri:3, instance:com.qa.opencart.tests.LoginPageTest@38831718]" started-at="2024-01-23T11:20:29 IST" name="forgotpassLinkExistTest" finished-at="2024-01-23T11:20:29 IST" duration-ms="165" status="PASS">
          <reporter-output>
          </reporter-output>
        </test-method> <!-- forgotpassLinkExistTest -->
        <test-method signature="loginTest()[pri:4, instance:com.qa.opencart.tests.LoginPageTest@38831718]" started-at="2024-01-23T11:20:29 IST" name="loginTest" finished-at="2024-01-23T11:20:34 IST" duration-ms="4793" status="PASS">
          <reporter-output>
          </reporter-output>
        </test-method> <!-- loginTest -->
        <test-method is-config="true" signature="tearDown()[pri:0, instance:com.qa.opencart.tests.LoginPageTest@38831718]" started-at="2024-01-23T11:20:34 IST" name="tearDown" finished-at="2024-01-23T11:20:38 IST" duration-ms="3267" status="PASS">
          <reporter-output>
          </reporter-output>
        </test-method> <!-- tearDown -->
      </class> <!-- com.qa.opencart.tests.LoginPageTest -->
    </test> <!-- Login Page Test -->
    <test started-at="2024-01-23T11:20:00 IST" name="Accounts Page Test" finished-at="2024-01-23T11:21:12 IST" duration-ms="71315">
      <class name="com.qa.opencart.tests.AccountsPageTest">
        <test-method is-config="true" signature="setUp()[pri:0, instance:com.qa.opencart.tests.AccountsPageTest@eda25e5]" started-at="2024-01-23T11:20:00 IST" name="setUp" finished-at="2024-01-23T11:20:27 IST" duration-ms="26780" status="PASS">
          <reporter-output>
          </reporter-output>
        </test-method> <!-- setUp -->
        <test-method is-config="true" signature="accPageTest()[pri:0, instance:com.qa.opencart.tests.AccountsPageTest@eda25e5]" started-at="2024-01-23T11:20:27 IST" name="accPageTest" finished-at="2024-01-23T11:20:32 IST" duration-ms="4867" status="PASS">
          <reporter-output>
          </reporter-output>
        </test-method> <!-- accPageTest -->
        <test-method signature="accountHeaderTest()[pri:0, instance:com.qa.opencart.tests.AccountsPageTest@eda25e5]" started-at="2024-01-23T11:20:32 IST" name="accountHeaderTest" finished-at="2024-01-23T11:20:34 IST" duration-ms="1651" status="PASS">
          <reporter-output>
          </reporter-output>
        </test-method> <!-- accountHeaderTest -->
        <test-method signature="accountHeaderValueTest()[pri:0, instance:com.qa.opencart.tests.AccountsPageTest@eda25e5]" started-at="2024-01-23T11:20:34 IST" name="accountHeaderValueTest" finished-at="2024-01-23T11:20:34 IST" duration-ms="355" status="PASS">
          <reporter-output>
          </reporter-output>
        </test-method> <!-- accountHeaderValueTest -->
        <test-method signature="accountsPageTitleTest()[pri:0, instance:com.qa.opencart.tests.AccountsPageTest@eda25e5]" started-at="2024-01-23T11:20:34 IST" name="accountsPageTitleTest" finished-at="2024-01-23T11:20:34 IST" duration-ms="58" status="PASS">
          <reporter-output>
          </reporter-output>
        </test-method> <!-- accountsPageTitleTest -->
        <test-method signature="accountsPageUrlTest()[pri:0, instance:com.qa.opencart.tests.AccountsPageTest@eda25e5]" started-at="2024-01-23T11:20:34 IST" name="accountsPageUrlTest" finished-at="2024-01-23T11:20:34 IST" duration-ms="109" status="PASS">
          <reporter-output>
          </reporter-output>
        </test-method> <!-- accountsPageUrlTest -->
        <test-method signature="isLogoutLinkExistTest()[pri:0, instance:com.qa.opencart.tests.AccountsPageTest@eda25e5]" started-at="2024-01-23T11:20:34 IST" name="isLogoutLinkExistTest" finished-at="2024-01-23T11:20:35 IST" duration-ms="161" status="PASS">
          <reporter-output>
          </reporter-output>
        </test-method> <!-- isLogoutLinkExistTest -->
        <test-method signature="searchProductCountTest(java.lang.String)[pri:0, instance:com.qa.opencart.tests.AccountsPageTest@eda25e5]" started-at="2024-01-23T11:20:35 IST" name="searchProductCountTest" data-provider="getProductData" finished-at="2024-01-23T11:20:39 IST" duration-ms="4384" status="PASS">
          <params>
            <param index="0">
              <value>
                <![CDATA[MacBook]]>
              </value>
            </param>
          </params>
          <reporter-output>
          </reporter-output>
        </test-method> <!-- searchProductCountTest -->
        <test-method signature="searchProductCountTest(java.lang.String)[pri:0, instance:com.qa.opencart.tests.AccountsPageTest@eda25e5]" started-at="2024-01-23T11:20:39 IST" name="searchProductCountTest" data-provider="getProductData" finished-at="2024-01-23T11:20:43 IST" duration-ms="3866" status="PASS">
          <params>
            <param index="0">
              <value>
                <![CDATA[imac]]>
              </value>
            </param>
          </params>
          <reporter-output>
          </reporter-output>
        </test-method> <!-- searchProductCountTest -->
        <test-method signature="searchProductCountTest(java.lang.String)[pri:0, instance:com.qa.opencart.tests.AccountsPageTest@eda25e5]" started-at="2024-01-23T11:20:43 IST" name="searchProductCountTest" data-provider="getProductData" finished-at="2024-01-23T11:20:46 IST" duration-ms="3050" status="PASS">
          <params>
            <param index="0">
              <value>
                <![CDATA[Samsung]]>
              </value>
            </param>
          </params>
          <reporter-output>
          </reporter-output>
        </test-method> <!-- searchProductCountTest -->
        <test-method signature="searchProductCountTest(java.lang.String)[pri:0, instance:com.qa.opencart.tests.AccountsPageTest@eda25e5]" started-at="2024-01-23T11:20:46 IST" name="searchProductCountTest" data-provider="getProductData" finished-at="2024-01-23T11:20:49 IST" duration-ms="2835" status="PASS">
          <params>
            <param index="0">
              <value>
                <![CDATA[Apple]]>
              </value>
            </param>
          </params>
          <reporter-output>
          </reporter-output>
        </test-method> <!-- searchProductCountTest -->
        <test-method signature="searchProductTest(java.lang.String,java.lang.String)[pri:0, instance:com.qa.opencart.tests.AccountsPageTest@eda25e5]" started-at="2024-01-23T11:20:49 IST" name="searchProductTest" data-provider="getProductTestData" finished-at="2024-01-23T11:20:54 IST" duration-ms="5726" status="PASS">
          <params>
            <param index="0">
              <value>
                <![CDATA[MacBook]]>
              </value>
            </param>
            <param index="1">
              <value>
                <![CDATA[MacBook Pro]]>
              </value>
            </param>
          </params>
          <reporter-output>
          </reporter-output>
        </test-method> <!-- searchProductTest -->
        <test-method signature="searchProductTest(java.lang.String,java.lang.String)[pri:0, instance:com.qa.opencart.tests.AccountsPageTest@eda25e5]" started-at="2024-01-23T11:20:54 IST" name="searchProductTest" data-provider="getProductTestData" finished-at="2024-01-23T11:21:00 IST" duration-ms="5844" status="PASS">
          <params>
            <param index="0">
              <value>
                <![CDATA[MacBook]]>
              </value>
            </param>
            <param index="1">
              <value>
                <![CDATA[MacBook Air]]>
              </value>
            </param>
          </params>
          <reporter-output>
          </reporter-output>
        </test-method> <!-- searchProductTest -->
        <test-method signature="searchProductTest(java.lang.String,java.lang.String)[pri:0, instance:com.qa.opencart.tests.AccountsPageTest@eda25e5]" started-at="2024-01-23T11:21:00 IST" name="searchProductTest" data-provider="getProductTestData" finished-at="2024-01-23T11:21:05 IST" duration-ms="4800" status="PASS">
          <params>
            <param index="0">
              <value>
                <![CDATA[iMac]]>
              </value>
            </param>
            <param index="1">
              <value>
                <![CDATA[iMac]]>
              </value>
            </param>
          </params>
          <reporter-output>
          </reporter-output>
        </test-method> <!-- searchProductTest -->
        <test-method signature="searchProductTest(java.lang.String,java.lang.String)[pri:0, instance:com.qa.opencart.tests.AccountsPageTest@eda25e5]" started-at="2024-01-23T11:21:05 IST" name="searchProductTest" data-provider="getProductTestData" finished-at="2024-01-23T11:21:10 IST" duration-ms="5013" status="PASS">
          <params>
            <param index="0">
              <value>
                <![CDATA[Apple]]>
              </value>
            </param>
            <param index="1">
              <value>
                <![CDATA[Apple Cinema 30"]]>
              </value>
            </param>
          </params>
          <reporter-output>
          </reporter-output>
        </test-method> <!-- searchProductTest -->
        <test-method is-config="true" signature="tearDown()[pri:0, instance:com.qa.opencart.tests.AccountsPageTest@eda25e5]" started-at="2024-01-23T11:21:10 IST" name="tearDown" finished-at="2024-01-23T11:21:12 IST" duration-ms="1647" status="PASS">
          <reporter-output>
          </reporter-output>
        </test-method> <!-- tearDown -->
      </class> <!-- com.qa.opencart.tests.AccountsPageTest -->
    </test> <!-- Accounts Page Test -->
    <test started-at="2024-01-23T11:20:00 IST" name="ProdcutInfo Page Test" finished-at="2024-01-23T11:21:28 IST" duration-ms="87471">
      <class name="com.qa.opencart.tests.ProductInfoPageTest">
        <test-method is-config="true" signature="setUp()[pri:0, instance:com.qa.opencart.tests.ProductInfoPageTest@67304a40]" started-at="2024-01-23T11:20:01 IST" name="setUp" finished-at="2024-01-23T11:20:28 IST" duration-ms="27755" status="PASS">
          <reporter-output>
          </reporter-output>
        </test-method> <!-- setUp -->
        <test-method is-config="true" signature="producInfoPageSetup()[pri:0, instance:com.qa.opencart.tests.ProductInfoPageTest@67304a40]" started-at="2024-01-23T11:20:28 IST" name="producInfoPageSetup" finished-at="2024-01-23T11:20:39 IST" duration-ms="10615" status="PASS">
          <reporter-output>
          </reporter-output>
        </test-method> <!-- producInfoPageSetup -->
        <test-method signature="addToCarSingleProdcuttTest()[pri:0, instance:com.qa.opencart.tests.ProductInfoPageTest@67304a40]" started-at="2024-01-23T11:20:39 IST" name="addToCarSingleProdcuttTest" finished-at="2024-01-23T11:20:48 IST" duration-ms="8847" status="PASS">
          <reporter-output>
          </reporter-output>
        </test-method> <!-- addToCarSingleProdcuttTest -->
        <test-method signature="addToCartMultipleProductTest(java.lang.String,java.lang.String,int)[pri:0, instance:com.qa.opencart.tests.ProductInfoPageTest@67304a40]" started-at="2024-01-23T11:20:48 IST" name="addToCartMultipleProductTest" data-provider="getAddToCartTestData" finished-at="2024-01-23T11:20:54 IST" duration-ms="6532" status="PASS">
          <params>
            <param index="0">
              <value>
                <![CDATA[MacBook]]>
              </value>
            </param>
            <param index="1">
              <value>
                <![CDATA[MacBook Pro]]>
              </value>
            </param>
            <param index="2">
              <value>
                <![CDATA[1]]>
              </value>
            </param>
          </params>
          <reporter-output>
          </reporter-output>
        </test-method> <!-- addToCartMultipleProductTest -->
        <test-method signature="addToCartMultipleProductTest(java.lang.String,java.lang.String,int)[pri:0, instance:com.qa.opencart.tests.ProductInfoPageTest@67304a40]" started-at="2024-01-23T11:20:54 IST" name="addToCartMultipleProductTest" data-provider="getAddToCartTestData" finished-at="2024-01-23T11:21:01 IST" duration-ms="7041" status="PASS">
          <params>
            <param index="0">
              <value>
                <![CDATA[MacBook]]>
              </value>
            </param>
            <param index="1">
              <value>
                <![CDATA[MacBook Air]]>
              </value>
            </param>
            <param index="2">
              <value>
                <![CDATA[2]]>
              </value>
            </param>
          </params>
          <reporter-output>
          </reporter-output>
        </test-method> <!-- addToCartMultipleProductTest -->
        <test-method signature="addToCartMultipleProductTest(java.lang.String,java.lang.String,int)[pri:0, instance:com.qa.opencart.tests.ProductInfoPageTest@67304a40]" started-at="2024-01-23T11:21:01 IST" name="addToCartMultipleProductTest" data-provider="getAddToCartTestData" finished-at="2024-01-23T11:21:08 IST" duration-ms="7022" status="PASS">
          <params>
            <param index="0">
              <value>
                <![CDATA[iMac]]>
              </value>
            </param>
            <param index="1">
              <value>
                <![CDATA[iMac]]>
              </value>
            </param>
            <param index="2">
              <value>
                <![CDATA[3]]>
              </value>
            </param>
          </params>
          <reporter-output>
          </reporter-output>
        </test-method> <!-- addToCartMultipleProductTest -->
        <test-method signature="productImagecountTest(java.lang.String,java.lang.String,int)[pri:0, instance:com.qa.opencart.tests.ProductInfoPageTest@67304a40]" started-at="2024-01-23T11:21:08 IST" name="productImagecountTest" data-provider="getProductImagesTestData" finished-at="2024-01-23T11:21:12 IST" duration-ms="3880" status="PASS">
          <params>
            <param index="0">
              <value>
                <![CDATA[MacBook]]>
              </value>
            </param>
            <param index="1">
              <value>
                <![CDATA[MacBook Pro]]>
              </value>
            </param>
            <param index="2">
              <value>
                <![CDATA[4]]>
              </value>
            </param>
          </params>
          <reporter-output>
          </reporter-output>
        </test-method> <!-- productImagecountTest -->
        <test-method signature="productImagecountTest(java.lang.String,java.lang.String,int)[pri:0, instance:com.qa.opencart.tests.ProductInfoPageTest@67304a40]" started-at="2024-01-23T11:21:12 IST" name="productImagecountTest" data-provider="getProductImagesTestData" finished-at="2024-01-23T11:21:15 IST" duration-ms="3240" status="PASS">
          <params>
            <param index="0">
              <value>
                <![CDATA[MacBook]]>
              </value>
            </param>
            <param index="1">
              <value>
                <![CDATA[MacBook Air]]>
              </value>
            </param>
            <param index="2">
              <value>
                <![CDATA[4]]>
              </value>
            </param>
          </params>
          <reporter-output>
          </reporter-output>
        </test-method> <!-- productImagecountTest -->
        <test-method signature="productImagecountTest(java.lang.String,java.lang.String,int)[pri:0, instance:com.qa.opencart.tests.ProductInfoPageTest@67304a40]" started-at="2024-01-23T11:21:15 IST" name="productImagecountTest" data-provider="getProductImagesTestData" finished-at="2024-01-23T11:21:19 IST" duration-ms="3972" status="PASS">
          <params>
            <param index="0">
              <value>
                <![CDATA[iMac]]>
              </value>
            </param>
            <param index="1">
              <value>
                <![CDATA[iMac]]>
              </value>
            </param>
            <param index="2">
              <value>
                <![CDATA[3]]>
              </value>
            </param>
          </params>
          <reporter-output>
          </reporter-output>
        </test-method> <!-- productImagecountTest -->
        <test-method signature="productImagecountTest(java.lang.String,java.lang.String,int)[pri:0, instance:com.qa.opencart.tests.ProductInfoPageTest@67304a40]" started-at="2024-01-23T11:21:19 IST" name="productImagecountTest" data-provider="getProductImagesTestData" finished-at="2024-01-23T11:21:23 IST" duration-ms="3878" status="PASS">
          <params>
            <param index="0">
              <value>
                <![CDATA[Apple]]>
              </value>
            </param>
            <param index="1">
              <value>
                <![CDATA[Apple Cinema 30"]]>
              </value>
            </param>
            <param index="2">
              <value>
                <![CDATA[6]]>
              </value>
            </param>
          </params>
          <reporter-output>
          </reporter-output>
        </test-method> <!-- productImagecountTest -->
        <test-method signature="productInfoTest()[pri:0, instance:com.qa.opencart.tests.ProductInfoPageTest@67304a40]" started-at="2024-01-23T11:21:23 IST" name="productInfoTest" finished-at="2024-01-23T11:21:27 IST" duration-ms="4053" status="PASS">
          <reporter-output>
          </reporter-output>
        </test-method> <!-- productInfoTest -->
        <test-method is-config="true" signature="tearDown()[pri:0, instance:com.qa.opencart.tests.ProductInfoPageTest@67304a40]" started-at="2024-01-23T11:21:27 IST" name="tearDown" finished-at="2024-01-23T11:21:28 IST" duration-ms="565" status="PASS">
          <reporter-output>
          </reporter-output>
        </test-method> <!-- tearDown -->
      </class> <!-- com.qa.opencart.tests.ProductInfoPageTest -->
    </test> <!-- ProdcutInfo Page Test -->
    <test started-at="2024-01-23T11:20:00 IST" name="Registration Page Test" finished-at="2024-01-23T11:21:35 IST" duration-ms="94911">
      <class name="com.qa.opencart.tests.RegistrationPageTest">
        <test-method is-config="true" signature="setUp()[pri:0, instance:com.qa.opencart.tests.RegistrationPageTest@74c79fa2]" started-at="2024-01-23T11:20:00 IST" name="setUp" finished-at="2024-01-23T11:20:29 IST" duration-ms="28853" status="PASS">
          <reporter-output>
          </reporter-output>
        </test-method> <!-- setUp -->
        <test-method is-config="true" signature="regPagesetUp()[pri:0, instance:com.qa.opencart.tests.RegistrationPageTest@74c79fa2]" started-at="2024-01-23T11:20:29 IST" name="regPagesetUp" finished-at="2024-01-23T11:20:33 IST" duration-ms="3226" status="PASS">
          <reporter-output>
          </reporter-output>
        </test-method> <!-- regPagesetUp -->
        <test-method signature="userRegTest(java.lang.String,java.lang.String,java.lang.String,java.lang.String,java.lang.String)[pri:0, instance:com.qa.opencart.tests.RegistrationPageTest@74c79fa2]" started-at="2024-01-23T11:20:39 IST" name="userRegTest" data-provider="getRegTestData" finished-at="2024-01-23T11:20:54 IST" duration-ms="15634" status="PASS">
          <params>
            <param index="0">
              <value>
                <![CDATA[rahul]]>
              </value>
            </param>
            <param index="1">
              <value>
                <![CDATA[dravid]]>
              </value>
            </param>
            <param index="2">
              <value>
                <![CDATA[9988776655]]>
              </value>
            </param>
            <param index="3">
              <value>
                <![CDATA[test123]]>
              </value>
            </param>
            <param index="4">
              <value>
                <![CDATA[yes]]>
              </value>
            </param>
          </params>
          <reporter-output>
          </reporter-output>
        </test-method> <!-- userRegTest -->
        <test-method signature="userRegTest(java.lang.String,java.lang.String,java.lang.String,java.lang.String,java.lang.String)[pri:0, instance:com.qa.opencart.tests.RegistrationPageTest@74c79fa2]" started-at="2024-01-23T11:20:54 IST" name="userRegTest" data-provider="getRegTestData" finished-at="2024-01-23T11:21:09 IST" duration-ms="14843" status="PASS">
          <params>
            <param index="0">
              <value>
                <![CDATA[saurav ]]>
              </value>
            </param>
            <param index="1">
              <value>
                <![CDATA[ganguly]]>
              </value>
            </param>
            <param index="2">
              <value>
                <![CDATA[9922117733]]>
              </value>
            </param>
            <param index="3">
              <value>
                <![CDATA[saurav123]]>
              </value>
            </param>
            <param index="4">
              <value>
                <![CDATA[no]]>
              </value>
            </param>
          </params>
          <reporter-output>
          </reporter-output>
        </test-method> <!-- userRegTest -->
        <test-method signature="userRegTest(java.lang.String,java.lang.String,java.lang.String,java.lang.String,java.lang.String)[pri:0, instance:com.qa.opencart.tests.RegistrationPageTest@74c79fa2]" started-at="2024-01-23T11:21:09 IST" name="userRegTest" data-provider="getRegTestData" finished-at="2024-01-23T11:21:22 IST" duration-ms="12463" status="PASS">
          <params>
            <param index="0">
              <value>
                <![CDATA[john]]>
              </value>
            </param>
            <param index="1">
              <value>
                <![CDATA[abraham]]>
              </value>
            </param>
            <param index="2">
              <value>
                <![CDATA[9012345689]]>
              </value>
            </param>
            <param index="3">
              <value>
                <![CDATA[john142]]>
              </value>
            </param>
            <param index="4">
              <value>
                <![CDATA[yes]]>
              </value>
            </param>
          </params>
          <reporter-output>
          </reporter-output>
        </test-method> <!-- userRegTest -->
        <test-method signature="userRegTest(java.lang.String,java.lang.String,java.lang.String,java.lang.String,java.lang.String)[pri:0, instance:com.qa.opencart.tests.RegistrationPageTest@74c79fa2]" started-at="2024-01-23T11:21:22 IST" name="userRegTest" data-provider="getRegTestData" finished-at="2024-01-23T11:21:34 IST" duration-ms="12441" status="PASS">
          <params>
            <param index="0">
              <value>
                <![CDATA[john ]]>
              </value>
            </param>
            <param index="1">
              <value>
                <![CDATA[son]]>
              </value>
            </param>
            <param index="2">
              <value>
                <![CDATA[9988776611]]>
              </value>
            </param>
            <param index="3">
              <value>
                <![CDATA[dddddd]]>
              </value>
            </param>
            <param index="4">
              <value>
                <![CDATA[no]]>
              </value>
            </param>
          </params>
          <reporter-output>
          </reporter-output>
        </test-method> <!-- userRegTest -->
        <test-method is-config="true" signature="tearDown()[pri:0, instance:com.qa.opencart.tests.RegistrationPageTest@74c79fa2]" started-at="2024-01-23T11:21:34 IST" name="tearDown" finished-at="2024-01-23T11:21:35 IST" duration-ms="1227" status="PASS">
          <reporter-output>
          </reporter-output>
        </test-method> <!-- tearDown -->
      </class> <!-- com.qa.opencart.tests.RegistrationPageTest -->
    </test> <!-- Registration Page Test -->
  </suite> <!-- Opencart App Test Regression Suite -->
</testng-results>
